<?xml version="1.0" encoding="UTF-8"?>
<!-- Generated by org.testng.reporters.JUnitXMLReporter -->
<testsuite ignored="0" hostname="Hay" failures="0" tests="4" name="Default test" time="3.719" errors="0" timestamp="2023-05-09T20:22:07 EDT">
  <testcase classname="API_Test.APILoginPage" name="testcase1ValidLogin" time="2.25"/>
  <testcase classname="API_Test.APILoginPage" name="testcase2IncorrectEndpoint" time="0.222"/>
  <testcase classname="API_Test.APILoginPage" name="testcase3ImproperBody" time="0.226"/>
  <testcase classname="API_Test.APILoginPage" name="testcase4WrongUsernamePassword" time="0.225"/>
</testsuite> <!-- Default test -->
