<?xml version="1.0" encoding="UTF-8"?>
<!-- Generated by org.testng.reporters.JUnitXMLReporter -->
<testsuite ignored="0" hostname="Hay" failures="0" tests="6" name="Default test" time="4.549" errors="0" timestamp="2023-05-09T20:10:20 EDT">
  <testcase classname="API_Test.APITests" name="testcase1ValidLogin" time="2.285"/>
  <testcase classname="API_Test.APITests" name="testcase2IncorrectEndpoint" time="0.265"/>
  <testcase classname="API_Test.APITests" name="testcase3ImproperBody" time="0.232"/>
  <testcase classname="API_Test.APITests" name="testcase4WrongUsernamePassword" time="0.218"/>
  <testcase classname="API_Test.APITests" name="inValidToken" time="0.375"/>
  <testcase classname="API_Test.APITests" name="validateToken" time="0.305"/>
</testsuite> <!-- Default test -->
